<?xml version="1.0" encoding="UTF-8"?>
<!-- Generated by org.testng.reporters.JUnitReportReporter -->
<testsuite hostname="Flex-My-Mac.local" failures="0" tests="2" name="PackageSwadel.LoginWithBeforeMethod" time="63.218" errors="0" timestamp="2023-05-05T20:40:18 GMT" skipped="0">
  <testcase classname="PackageSwadel.LoginWithBeforeMethod" name="invalidLogin" time="32.672"/>
  <system-out/>
  <testcase classname="PackageSwadel.LoginWithBeforeMethod" name="validLogin" time="30.546"/>
  <system-out/>
</testsuite> <!-- PackageSwadel.LoginWithBeforeMethod -->
