<?xml version="1.0" encoding="UTF-8"?>
<!-- Generated by org.testng.reporters.JUnitReportReporter -->
<testsuite hostname="Flex-My-Mac.local" failures="0" tests="2" name="PackageSwadel.LoginWithBeforeTest" time="31.110" errors="0" timestamp="2023-05-05T17:09:48 GMT" skipped="0">
  <testcase classname="PackageSwadel.LoginWithBeforeTest" name="invalidLogin" time="15.740"/>
  <system-out/>
  <testcase classname="PackageSwadel.LoginWithBeforeTest" name="validLogin" time="15.370"/>
  <system-out/>
</testsuite> <!-- PackageSwadel.LoginWithBeforeTest -->
